[2017-10-19 17:16:27] local.ERROR: View [layouts.top-nav] not found. (View: /mnt/d/WORKSPACE/projects/tourmanagement/resources/views/layouts/main.blade.php) (View: /mnt/d/WORKSPACE/projects/tourmanagement/resources/views/layouts/main.blade.php) {"exception":"[object] (ErrorException(code: 0): View [layouts.top-nav] not found. (View: /mnt/d/WORKSPACE/projects/tourmanagement/resources/views/layouts/main.blade.php) (View: /mnt/d/WORKSPACE/projects/tourmanagement/resources/views/layouts/main.blade.php) at /mnt/d/WORKSPACE/projects/tourmanagement/vendor/laravel/framework/src/Illuminate/View/FileViewFinder.php:137, ErrorException(code: 0): View [layouts.top-nav] not found. (View: /mnt/d/WORKSPACE/projects/tourmanagement/resources/views/layouts/main.blade.php) at /mnt/d/WORKSPACE/projects/tourmanagement/vendor/laravel/framework/src/Illuminate/View/FileViewFinder.php:137, InvalidArgumentException(code: 0): View [layouts.top-nav] not found. at /mnt/d/WORKSPACE/projects/tourmanagement/vendor/laravel/framework/src/Illuminate/View/FileViewFinder.php:137)
[stacktrace]
#0 /mnt/d/WORKSPACE/projects/tourmanagement/vendor/laravel/framework/src/Illuminate/View/Engines/PhpEngine.php(45): Illuminate\\View\\Engines\\CompilerEngine->handleViewException(Object(ErrorException), 1)
#1 /mnt/d/WORKSPACE/projects/tourmanagement/vendor/laravel/framework/src/Illuminate/View/Engines/CompilerEngine.php(59): Illuminate\\View\\Engines\\PhpEngine->evaluatePath('/mnt/d/WORKSPAC...', Array)
#2 /mnt/d/WORKSPACE/projects/tourmanagement/vendor/laravel/framework/src/Illuminate/View/View.php(137): Illuminate\\View\\Engines\\CompilerEngine->get('/mnt/d/WORKSPAC...', Array)
#3 /mnt/d/WORKSPACE/projects/tourmanagement/vendor/laravel/framework/src/Illuminate/View/View.php(120): Illuminate\\View\\View->getContents()
#4 /mnt/d/WORKSPACE/projects/tourmanagement/vendor/laravel/framework/src/Illuminate/View/View.php(85): Illuminate\\View\\View->renderContents()
#5 /mnt/d/WORKSPACE/projects/tourmanagement/vendor/laravel/framework/src/Illuminate/Http/Response.php(39): Illuminate\\View\\View->render()
#6 /mnt/d/WORKSPACE/projects/tourmanagement/vendor/symfony/http-foundation/Response.php(201): Illuminate\\Http\\Response->setContent(Object(Illuminate\\View\\View))
#7 /mnt/d/WORKSPACE/projects/tourmanagement/vendor/laravel/framework/src/Illuminate/Routing/Router.php(711): Symfony\\Component\\HttpFoundation\\Response->__construct(Object(Illuminate\\View\\View))
#8 /mnt/d/WORKSPACE/projects/tourmanagement/vendor/laravel/framework/src/Illuminate/Routing/Router.php(685): Illuminate\\Routing\\Router::toResponse(Object(Illuminate\\Http\\Request), Object(Illuminate\\View\\View))
#9 /mnt/d/WORKSPACE/projects/tourmanagement/vendor/laravel/framework/src/Illuminate/Routing/Router.php(645): Illuminate\\Routing\\Router->prepareResponse(Object(Illuminate\\Http\\Request), Object(Illuminate\\View\\View))
#10 /mnt/d/WORKSPACE/projects/tourmanagement/vendor/laravel/framework/src/Illuminate/Routing/Pipeline.php(30): Illuminate\\Routing\\Router->Illuminate\\Routing\\{closure}(Object(Illuminate\\Http\\Request))
#11 /mnt/d/WORKSPACE/projects/tourmanagement/vendor/laravel/framework/src/Illuminate/Routing/Middleware/SubstituteBindings.php(41): Illuminate\\Routing\\Pipeline->Illuminate\\Routing\\{closure}(Object(Illuminate\\Http\\Request))
#12 /mnt/d/WORKSPACE/projects/tourmanagement/vendor/laravel/framework/src/Illuminate/Pipeline/Pipeline.php(149): Illuminate\\Routing\\Middleware\\SubstituteBindings->handle(Object(Illuminate\\Http\\Request), Object(Closure))
#13 /mnt/d/WORKSPACE/projects/tourmanagement/vendor/laravel/framework/src/Illuminate/Routing/Pipeline.php(53): Illuminate\\Pipeline\\Pipeline->Illuminate\\Pipeline\\{closure}(Object(Illuminate\\Http\\Request))
#14 /mnt/d/WORKSPACE/projects/tourmanagement/vendor/laravel/framework/src/Illuminate/Foundation/Http/Middleware/VerifyCsrfToken.php(67): Illuminate\\Routing\\Pipeline->Illuminate\\Routing\\{closure}(Object(Illuminate\\Http\\Request))
#15 /mnt/d/WORKSPACE/projects/tourmanagement/vendor/laravel/framework/src/Illuminate/Pipeline/Pipeline.php(149): Illuminate\\Foundation\\Http\\Middleware\\VerifyCsrfToken->handle(Object(Illuminate\\Http\\Request), Object(Closure))
#16 /mnt/d/WORKSPACE/projects/tourmanagement/vendor/laravel/framework/src/Illuminate/Routing/Pipeline.php(53): Illuminate\\Pipeline\\Pipeline->Illuminate\\Pipeline\\{closure}(Object(Illuminate\\Http\\Request))
#17 /mnt/d/WORKSPACE/projects/tourmanagement/vendor/laravel/framework/src/Illuminate/View/Middleware/ShareErrorsFromSession.php(49): Illuminate\\Routing\\Pipeline->Illuminate\\Routing\\{closure}(Object(Illuminate\\Http\\Request))
#18 /mnt/d/WORKSPACE/projects/tourmanagement/vendor/laravel/framework/src/Illuminate/Pipeline/Pipeline.php(149): Illuminate\\View\\Middleware\\ShareErrorsFromSession->handle(Object(Illuminate\\Http\\Request), Object(Closure))
#19 /mnt/d/WORKSPACE/projects/tourmanagement/vendor/laravel/framework/src/Illuminate/Routing/Pipeline.php(53): Illuminate\\Pipeline\\Pipeline->Illuminate\\Pipeline\\{closure}(Object(Illuminate\\Http\\Request))
#20 /mnt/d/WORKSPACE/projects/tourmanagement/vendor/laravel/framework/src/Illuminate/Session/Middleware/StartSession.php(63): Illuminate\\Routing\\Pipeline->Illuminate\\Routing\\{closure}(Object(Illuminate\\Http\\Request))
#21 /mnt/d/WORKSPACE/projects/tourmanagement/vendor/laravel/framework/src/Illuminate/Pipeline/Pipeline.php(149): Illuminate\\Session\\Middleware\\StartSession->handle(Object(Illuminate\\Http\\Request), Object(Closure))
#22 /mnt/d/WORKSPACE/projects/tourmanagement/vendor/laravel/framework/src/Illuminate/Routing/Pipeline.php(53): Illuminate\\Pipeline\\Pipeline->Illuminate\\Pipeline\\{closure}(Object(Illuminate\\Http\\Request))
#23 /mnt/d/WORKSPACE/projects/tourmanagement/vendor/laravel/framework/src/Illuminate/Cookie/Middleware/AddQueuedCookiesToResponse.php(37): Illuminate\\Routing\\Pipeline->Illuminate\\Routing\\{closure}(Object(Illuminate\\Http\\Request))
#24 /mnt/d/WORKSPACE/projects/tourmanagement/vendor/laravel/framework/src/Illuminate/Pipeline/Pipeline.php(149): Illuminate\\Cookie\\Middleware\\AddQueuedCookiesToResponse->handle(Object(Illuminate\\Http\\Request), Object(Closure))
#25 /mnt/d/WORKSPACE/projects/tourmanagement/vendor/laravel/framework/src/Illuminate/Routing/Pipeline.php(53): Illuminate\\Pipeline\\Pipeline->Illuminate\\Pipeline\\{closure}(Object(Illuminate\\Http\\Request))
#26 /mnt/d/WORKSPACE/projects/tourmanagement/vendor/laravel/framework/src/Illuminate/Cookie/Middleware/EncryptCookies.php(59): Illuminate\\Routing\\Pipeline->Illuminate\\Routing\\{closure}(Object(Illuminate\\Http\\Request))
#27 /mnt/d/WORKSPACE/projects/tourmanagement/vendor/laravel/framework/src/Illuminate/Pipeline/Pipeline.php(149): Illuminate\\Cookie\\Middleware\\EncryptCookies->handle(Object(Illuminate\\Http\\Request), Object(Closure))
#28 /mnt/d/WORKSPACE/projects/tourmanagement/vendor/laravel/framework/src/Illuminate/Routing/Pipeline.php(53): Illuminate\\Pipeline\\Pipeline->Illuminate\\Pipeline\\{closure}(Object(Illuminate\\Http\\Request))
#29 /mnt/d/WORKSPACE/projects/tourmanagement/vendor/laravel/framework/src/Illuminate/Pipeline/Pipeline.php(102): Illuminate\\Routing\\Pipeline->Illuminate\\Routing\\{closure}(Object(Illuminate\\Http\\Request))
#30 /mnt/d/WORKSPACE/projects/tourmanagement/vendor/laravel/framework/src/Illuminate/Routing/Router.php(647): Illuminate\\Pipeline\\Pipeline->then(Object(Closure))
#31 /mnt/d/WORKSPACE/projects/tourmanagement/vendor/laravel/framework/src/Illuminate/Routing/Router.php(622): Illuminate\\Routing\\Router->runRouteWithinStack(Object(Illuminate\\Routing\\Route), Object(Illuminate\\Http\\Request))
#32 /mnt/d/WORKSPACE/projects/tourmanagement/vendor/laravel/framework/src/Illuminate/Routing/Router.php(588): Illuminate\\Routing\\Router->runRoute(Object(Illuminate\\Http\\Request), Object(Illuminate\\Routing\\Route))
#33 /mnt/d/WORKSPACE/projects/tourmanagement/vendor/laravel/framework/src/Illuminate/Routing/Router.php(577): Illuminate\\Routing\\Router->dispatchToRoute(Object(Illuminate\\Http\\Request))
#34 /mnt/d/WORKSPACE/projects/tourmanagement/vendor/laravel/framework/src/Illuminate/Foundation/Http/Kernel.php(176): Illuminate\\Routing\\Router->dispatch(Object(Illuminate\\Http\\Request))
#35 /mnt/d/WORKSPACE/projects/tourmanagement/vendor/laravel/framework/src/Illuminate/Routing/Pipeline.php(30): Illuminate\\Foundation\\Http\\Kernel->Illuminate\\Foundation\\Http\\{closure}(Object(Illuminate\\Http\\Request))
#36 /mnt/d/WORKSPACE/projects/tourmanagement/vendor/fideloper/proxy/src/TrustProxies.php(56): Illuminate\\Routing\\Pipeline->Illuminate\\Routing\\{closure}(Object(Illuminate\\Http\\Request))
#37 /mnt/d/WORKSPACE/projects/tourmanagement/vendor/laravel/framework/src/Illuminate/Pipeline/Pipeline.php(149): Fideloper\\Proxy\\TrustProxies->handle(Object(Illuminate\\Http\\Request), Object(Closure))
#38 /mnt/d/WORKSPACE/projects/tourmanagement/vendor/laravel/framework/src/Illuminate/Routing/Pipeline.php(53): Illuminate\\Pipeline\\Pipeline->Illuminate\\Pipeline\\{closure}(Object(Illuminate\\Http\\Request))
#39 /mnt/d/WORKSPACE/projects/tourmanagement/vendor/laravel/framework/src/Illuminate/Foundation/Http/Middleware/TransformsRequest.php(30): Illuminate\\Routing\\Pipeline->Illuminate\\Routing\\{closure}(Object(Illuminate\\Http\\Request))
#40 /mnt/d/WORKSPACE/projects/tourmanagement/vendor/laravel/framework/src/Illuminate/Pipeline/Pipeline.php(149): Illuminate\\Foundation\\Http\\Middleware\\TransformsRequest->handle(Object(Illuminate\\Http\\Request), Object(Closure))
#41 /mnt/d/WORKSPACE/projects/tourmanagement/vendor/laravel/framework/src/Illuminate/Routing/Pipeline.php(53): Illuminate\\Pipeline\\Pipeline->Illuminate\\Pipeline\\{closure}(Object(Illuminate\\Http\\Request))
#42 /mnt/d/WORKSPACE/projects/tourmanagement/vendor/laravel/framework/src/Illuminate/Foundation/Http/Middleware/TransformsRequest.php(30): Illuminate\\Routing\\Pipeline->Illuminate\\Routing\\{closure}(Object(Illuminate\\Http\\Request))
#43 /mnt/d/WORKSPACE/projects/tourmanagement/vendor/laravel/framework/src/Illuminate/Pipeline/Pipeline.php(149): Illuminate\\Foundation\\Http\\Middleware\\TransformsRequest->handle(Object(Illuminate\\Http\\Request), Object(Closure))
#44 /mnt/d/WORKSPACE/projects/tourmanagement/vendor/laravel/framework/src/Illuminate/Routing/Pipeline.php(53): Illuminate\\Pipeline\\Pipeline->Illuminate\\Pipeline\\{closure}(Object(Illuminate\\Http\\Request))
#45 /mnt/d/WORKSPACE/projects/tourmanagement/vendor/laravel/framework/src/Illuminate/Foundation/Http/Middleware/ValidatePostSize.php(27): Illuminate\\Routing\\Pipeline->Illuminate\\Routing\\{closure}(Object(Illuminate\\Http\\Request))
#46 /mnt/d/WORKSPACE/projects/tourmanagement/vendor/laravel/framework/src/Illuminate/Pipeline/Pipeline.php(149): Illuminate\\Foundation\\Http\\Middleware\\ValidatePostSize->handle(Object(Illuminate\\Http\\Request), Object(Closure))
#47 /mnt/d/WORKSPACE/projects/tourmanagement/vendor/laravel/framework/src/Illuminate/Routing/Pipeline.php(53): Illuminate\\Pipeline\\Pipeline->Illuminate\\Pipeline\\{closure}(Object(Illuminate\\Http\\Request))
#48 /mnt/d/WORKSPACE/projects/tourmanagement/vendor/laravel/framework/src/Illuminate/Foundation/Http/Middleware/CheckForMaintenanceMode.php(46): Illuminate\\Routing\\Pipeline->Illuminate\\Routing\\{closure}(Object(Illuminate\\Http\\Request))
#49 /mnt/d/WORKSPACE/projects/tourmanagement/vendor/laravel/framework/src/Illuminate/Pipeline/Pipeline.php(149): Illuminate\\Foundation\\Http\\Middleware\\CheckForMaintenanceMode->handle(Object(Illuminate\\Http\\Request), Object(Closure))
#50 /mnt/d/WORKSPACE/projects/tourmanagement/vendor/laravel/framework/src/Illuminate/Routing/Pipeline.php(53): Illuminate\\Pipeline\\Pipeline->Illuminate\\Pipeline\\{closure}(Object(Illuminate\\Http\\Request))
#51 /mnt/d/WORKSPACE/projects/tourmanagement/vendor/laravel/framework/src/Illuminate/Pipeline/Pipeline.php(102): Illuminate\\Routing\\Pipeline->Illuminate\\Routing\\{closure}(Object(Illuminate\\Http\\Request))
#52 /mnt/d/WORKSPACE/projects/tourmanagement/vendor/laravel/framework/src/Illuminate/Foundation/Http/Kernel.php(151): Illuminate\\Pipeline\\Pipeline->then(Object(Closure))
#53 /mnt/d/WORKSPACE/projects/tourmanagement/vendor/laravel/framework/src/Illuminate/Foundation/Http/Kernel.php(116): Illuminate\\Foundation\\Http\\Kernel->sendRequestThroughRouter(Object(Illuminate\\Http\\Request))
#54 /mnt/d/WORKSPACE/projects/tourmanagement/public/index.php(55): Illuminate\\Foundation\\Http\\Kernel->handle(Object(Illuminate\\Http\\Request))
#55 {main}
"} 
